<?xml version="1.0" encoding="UTF-8"?>
<testsuite name="src.Lv2.AnalogClockTest" tests="1" skipped="0" failures="0" errors="0" timestamp="2025-03-02T08:03:20" hostname="BOOK-T71NRL371D" time="0.033">
  <properties/>
  <testcase name="testSolution()" classname="src.Lv2.AnalogClockTest" time="0.033"/>
  <system-out><![CDATA[]]></system-out>
  <system-err><![CDATA[]]></system-err>
</testsuite>
